Using pre-set license
Built from '2022.3/staging' branch; Version is '2022.3.10f1 (ff3792e53c62) revision 16725906'; Using compiler version '192829333'; Build Type 'Release'
OS: 'Windows 11  (10.0.22621) 64bit Professional' Language: 'es' Physical Memory: 16310 MB
BatchMode: 1, IsHumanControllingUs: 0, StartBugReporterOnCrash: 0, Is64bit: 1, IsPro: 1

COMMAND LINE ARGUMENTS:
C:\Program Files\Unity\Hub\Editor\2022.3.10f1\Editor\Unity.exe
-adb2
-batchMode
-noUpm
-name
AssetImportWorker0
-projectPath
C:/Users/Usuario/Desktop/torreta2/torreta2
-logFile
Logs/AssetImportWorker0.log
-srvPort
55071
Successfully changed project path to: C:/Users/Usuario/Desktop/torreta2/torreta2
C:/Users/Usuario/Desktop/torreta2/torreta2
[UnityMemory] Configuration Parameters - Can be set up in boot.config
    "memorysetup-bucket-allocator-granularity=16"
    "memorysetup-bucket-allocator-bucket-count=8"
    "memorysetup-bucket-allocator-block-size=33554432"
    "memorysetup-bucket-allocator-block-count=8"
    "memorysetup-main-allocator-block-size=16777216"
    "memorysetup-thread-allocator-block-size=16777216"
    "memorysetup-gfx-main-allocator-block-size=16777216"
    "memorysetup-gfx-thread-allocator-block-size=16777216"
    "memorysetup-cache-allocator-block-size=4194304"
    "memorysetup-typetree-allocator-block-size=2097152"
    "memorysetup-profiler-bucket-allocator-granularity=16"
    "memorysetup-profiler-bucket-allocator-bucket-count=8"
    "memorysetup-profiler-bucket-allocator-block-size=33554432"
    "memorysetup-profiler-bucket-allocator-block-count=8"
    "memorysetup-profiler-allocator-block-size=16777216"
    "memorysetup-profiler-editor-allocator-block-size=1048576"
    "memorysetup-temp-allocator-size-main=16777216"
    "memorysetup-job-temp-allocator-block-size=2097152"
    "memorysetup-job-temp-allocator-block-size-background=1048576"
    "memorysetup-job-temp-allocator-reduction-small-platforms=262144"
    "memorysetup-allocator-temp-initial-block-size-main=262144"
    "memorysetup-allocator-temp-initial-block-size-worker=262144"
    "memorysetup-temp-allocator-size-background-worker=32768"
    "memorysetup-temp-allocator-size-job-worker=262144"
    "memorysetup-temp-allocator-size-preload-manager=33554432"
    "memorysetup-temp-allocator-size-nav-mesh-worker=65536"
    "memorysetup-temp-allocator-size-audio-worker=65536"
    "memorysetup-temp-allocator-size-cloud-worker=32768"
    "memorysetup-temp-allocator-size-gi-baking-worker=262144"
    "memorysetup-temp-allocator-size-gfx=262144"
Player connection [20740] Host "[IP] 192.168.100.39 [Port] 0 [Flags] 2 [Guid] 3245888173 [EditorId] 3245888173 [Version] 1048832 [Id] WindowsEditor(7,DESKTOP-VMMB7R9) [Debug] 1 [PackageName] WindowsEditor [ProjectName] Editor" joined multi-casting on [225.0.0.222:54997]...

Player connection [20740] Host "[IP] 192.168.100.39 [Port] 0 [Flags] 2 [Guid] 3245888173 [EditorId] 3245888173 [Version] 1048832 [Id] WindowsEditor(7,DESKTOP-VMMB7R9) [Debug] 1 [PackageName] WindowsEditor [ProjectName] Editor" joined alternative multi-casting on [225.0.0.222:34997]...

[Physics::Module] Initialized MultithreadedJobDispatcher with 11 workers.
Refreshing native plugins compatible for Editor in 7.98 ms, found 3 plugins.
Preloading 0 native plugins for Editor in 0.00 ms.
Initialize engine version: 2022.3.10f1 (ff3792e53c62)
[Subsystems] Discovering subsystems at path C:/Program Files/Unity/Hub/Editor/2022.3.10f1/Editor/Data/Resources/UnitySubsystems
[Subsystems] Discovering subsystems at path C:/Users/Usuario/Desktop/torreta2/torreta2/Assets
GfxDevice: creating device client; threaded=0; jobified=0
Direct3D:
    Version:  Direct3D 11.0 [level 11.1]
    Renderer: NVIDIA GeForce RTX 3060 Ti (ID=0x2489)
    Vendor:   NVIDIA
    VRAM:     8038 MB
    Driver:   31.0.15.2849
Initialize mono
Mono path[0] = 'C:/Program Files/Unity/Hub/Editor/2022.3.10f1/Editor/Data/Managed'
Mono path[1] = 'C:/Program Files/Unity/Hub/Editor/2022.3.10f1/Editor/Data/MonoBleedingEdge/lib/mono/unityjit-win32'
Mono config path = 'C:/Program Files/Unity/Hub/Editor/2022.3.10f1/Editor/Data/MonoBleedingEdge/etc'
Using monoOptions --debugger-agent=transport=dt_socket,embedding=1,server=y,suspend=n,address=127.0.0.1:56336
Begin MonoManager ReloadAssembly
Registering precompiled unity dll's ...
Register platform support module: C:/Program Files/Unity/Hub/Editor/2022.3.10f1/Editor/Data/PlaybackEngines/WebGLSupport/UnityEditor.WebGL.Extensions.dll
Register platform support module: C:/Program Files/Unity/Hub/Editor/2022.3.10f1/Editor/Data/PlaybackEngines/WindowsStandaloneSupport/UnityEditor.WindowsStandalone.Extensions.dll
Registered in 0.012431 seconds.
- Loaded All Assemblies, in  0.431 seconds
Native extension for WindowsStandalone target not found
Native extension for WebGL target not found
Mono: successfully reloaded assembly
- Finished resetting the current domain, in  0.260 seconds
Domain Reload Profiling: 688ms
	BeginReloadAssembly (153ms)
		ExecutionOrderSort (0ms)
		DisableScriptedObjects (0ms)
		BackupInstance (0ms)
		ReleaseScriptingObjects (0ms)
		CreateAndSetChildDomain (1ms)
	RebuildCommonClasses (40ms)
	RebuildNativeTypeToScriptingClass (11ms)
	initialDomainReloadingComplete (66ms)
	LoadAllAssembliesAndSetupDomain (158ms)
		LoadAssemblies (150ms)
		RebuildTransferFunctionScriptingTraits (0ms)
		AnalyzeDomain (156ms)
			TypeCache.Refresh (154ms)
				TypeCache.ScanAssembly (140ms)
			ScanForSourceGeneratedMonoScriptInfo (0ms)
			ResolveRequiredComponents (1ms)
	FinalizeReload (260ms)
		ReleaseScriptCaches (0ms)
		RebuildScriptCaches (0ms)
		SetupLoadedEditorAssemblies (201ms)
			LogAssemblyErrors (0ms)
			InitializePlatformSupportModulesInManaged (11ms)
			SetLoadedEditorAssemblies (6ms)
			RefreshPlugins (0ms)
			BeforeProcessingInitializeOnLoad (2ms)
			ProcessInitializeOnLoadAttributes (135ms)
			ProcessInitializeOnLoadMethodAttributes (46ms)
			AfterProcessingInitializeOnLoad (0ms)
			EditorAssembliesLoaded (0ms)
		ExecutionOrderSort2 (0ms)
		AwakeInstancesAfterBackupRestoration (0ms)
========================================================================
Worker process is ready to serve import requests
Begin MonoManager ReloadAssembly
- Loaded All Assemblies, in  0.662 seconds
Refreshing native plugins compatible for Editor in 3.45 ms, found 3 plugins.
Native extension for WindowsStandalone target not found
Native extension for WebGL target not found
Package Manager log level set to [2]
[Package Manager] Server::EnsureServerProcessIsRunning -- launch failed, reason: Unity was launched with the -noUpm command-line argument
[Package Manager] UpmClient::Send -- Unable to send message (not connected to UPM process).
[Package Manager] Cannot connect to Unity Package Manager local server
Mono: successfully reloaded assembly
- Finished resetting the current domain, in  0.514 seconds
Domain Reload Profiling: 1172ms
	BeginReloadAssembly (143ms)
		ExecutionOrderSort (0ms)
		DisableScriptedObjects (5ms)
		BackupInstance (0ms)
		ReleaseScriptingObjects (0ms)
		CreateAndSetChildDomain (19ms)
	RebuildCommonClasses (32ms)
	RebuildNativeTypeToScriptingClass (11ms)
	initialDomainReloadingComplete (41ms)
	LoadAllAssembliesAndSetupDomain (431ms)
		LoadAssemblies (323ms)
		RebuildTransferFunctionScriptingTraits (0ms)
		AnalyzeDomain (193ms)
			TypeCache.Refresh (173ms)
				TypeCache.ScanAssembly (156ms)
			ScanForSourceGeneratedMonoScriptInfo (15ms)
			ResolveRequiredComponents (4ms)
	FinalizeReload (515ms)
		ReleaseScriptCaches (0ms)
		RebuildScriptCaches (0ms)
		SetupLoadedEditorAssemblies (375ms)
			LogAssemblyErrors (0ms)
			InitializePlatformSupportModulesInManaged (7ms)
			SetLoadedEditorAssemblies (4ms)
			RefreshPlugins (0ms)
			BeforeProcessingInitializeOnLoad (63ms)
			ProcessInitializeOnLoadAttributes (274ms)
			ProcessInitializeOnLoadMethodAttributes (18ms)
			AfterProcessingInitializeOnLoad (9ms)
			EditorAssembliesLoaded (0ms)
		ExecutionOrderSort2 (0ms)
		AwakeInstancesAfterBackupRestoration (7ms)
Launched and connected shader compiler UnityShaderCompiler.exe after 0.05 seconds
Refreshing native plugins compatible for Editor in 3.47 ms, found 3 plugins.
Preloading 0 native plugins for Editor in 0.00 ms.
Unloading 3069 Unused Serialized files (Serialized files now loaded: 0)
Unloading 31 unused Assets / (56.3 KB). Loaded Objects now: 3531.
Memory consumption went from 114.2 MB to 114.2 MB.
Total: 3.104800 ms (FindLiveObjects: 0.333700 ms CreateObjectMapping: 0.084100 ms MarkObjects: 2.575200 ms  DeleteObjects: 0.110700 ms)

AssetImportParameters requested are different than current active one (requested -> active):
  custom:container-demuxer-ogg: 62fdf1f143b41e24485cea50d1cbac27 -> 
  custom:video-codec-MediaFoundation-h265: 746d11721c4dcdbdad8f713fa42b33f4 -> 
  custom:video-decoder-ogg-theora: a1e56fd34408186e4bbccfd4996cb3dc -> 
  custom:framework-win-MediaFoundation: 216162199b28c13a410421893ffa2e32 -> 
  custom:container-demuxer-webm: 4f35f7cbe854078d1ac9338744f61a02 -> 
  custom:container-muxer-webm: aa71ff27fc2769a1b78a27578f13a17b -> 
  custom:video-decoder-webm-vp8: 9c59270c3fd7afecdb556c50c9e8de78 -> 
  custom:AudioImporter_EditorPlatform: d09bf68614088b80899f8185d706f6e7 -> 
  custom:video-encoder-webm-vp8: eb34c28f22e8b96e1ab97ce403110664 -> 
  custom:audio-decoder-ogg-vorbis: bf7c407c2cedff20999df2af8eb42d56 -> 
  custom:audio-encoder-webm-vorbis: bf7c407c2cedff20999df2af8eb42d56 -> 
========================================================================
Received Import Request.
  Time since last request: 7697.476605 seconds.
  path: Assets
  artifactKey: Guid(00000000000000001000000000000000) Importer(815301076,1909f56bfc062723c751e8b465ee728b)
Start importing Assets using Guid(00000000000000001000000000000000) Importer(815301076,1909f56bfc062723c751e8b465ee728b)  -> (artifact id: '8a4fe85251aa2e89732c359432baa2c3') in 0.002678 seconds
Number of updated asset objects reloaded before import = 0
Number of asset objects unloaded after import = 0
========================================================================
Received Prepare
Refreshing native plugins compatible for Editor in 3.85 ms, found 3 plugins.
Preloading 0 native plugins for Editor in 0.00 ms.
Unloading 0 Unused Serialized files (Serialized files now loaded: 0)
Unloading 1 unused Assets / (0.8 KB). Loaded Objects now: 3531.
Memory consumption went from 65.4 MB to 65.4 MB.
Total: 3.336200 ms (FindLiveObjects: 0.315400 ms CreateObjectMapping: 0.079000 ms MarkObjects: 2.914600 ms  DeleteObjects: 0.025700 ms)

Prepare: number of updated asset objects reloaded= 0
AssetImportParameters requested are different than current active one (requested -> active):
  custom:container-demuxer-ogg: 62fdf1f143b41e24485cea50d1cbac27 -> 
  custom:video-codec-MediaFoundation-h265: 746d11721c4dcdbdad8f713fa42b33f4 -> 
  custom:video-decoder-ogg-theora: a1e56fd34408186e4bbccfd4996cb3dc -> 
  custom:framework-win-MediaFoundation: 216162199b28c13a410421893ffa2e32 -> 
  custom:CustomObjectIndexerAttribute: 756ad292c208cfabdd7b50bc23989ffe -> 
  custom:container-demuxer-webm: 4f35f7cbe854078d1ac9338744f61a02 -> 
  custom:container-muxer-webm: aa71ff27fc2769a1b78a27578f13a17b -> 
  custom:video-decoder-webm-vp8: 9c59270c3fd7afecdb556c50c9e8de78 -> 
  custom:SearchIndexIgnoredProperties: e643bd26f0fe6173181afceb89e7c659 -> 
  custom:AudioImporter_EditorPlatform: d09bf68614088b80899f8185d706f6e7 -> 
  custom:video-encoder-webm-vp8: eb34c28f22e8b96e1ab97ce403110664 -> 
  custom:audio-decoder-ogg-vorbis: bf7c407c2cedff20999df2af8eb42d56 -> 
  custom:audio-encoder-webm-vorbis: bf7c407c2cedff20999df2af8eb42d56 -> 
========================================================================
Received Import Request.
  Time since last request: 5.179485 seconds.
  path: Assets/torreta
  artifactKey: Guid(a472aab6c284dd0458930677f54014e4) Importer(815301076,1909f56bfc062723c751e8b465ee728b)
Start importing Assets/torreta using Guid(a472aab6c284dd0458930677f54014e4) Importer(815301076,1909f56bfc062723c751e8b465ee728b)  -> (artifact id: 'c3e832ca07086328eec8d36555503e3e') in 0.000822 seconds
Number of updated asset objects reloaded before import = 0
Number of asset objects unloaded after import = 0
========================================================================
Received Import Request.
  Time since last request: 3.246483 seconds.
  path: Assets/Scenes
  artifactKey: Guid(0229580184103cf49a2e842ea2ca2f4c) Importer(815301076,1909f56bfc062723c751e8b465ee728b)
Start importing Assets/Scenes using Guid(0229580184103cf49a2e842ea2ca2f4c) Importer(815301076,1909f56bfc062723c751e8b465ee728b)  -> (artifact id: '32b8dec94636d2a3571bb49b45afca25') in 0.000482 seconds
Number of updated asset objects reloaded before import = 0
Number of asset objects unloaded after import = 0
========================================================================
Received Import Request.
  Time since last request: 53.948967 seconds.
  path: Assets/Scenes/torreta_2.fbx
  artifactKey: Guid(8c5a70f0e2d15f8488031f100dd3a1b8) Importer(815301076,1909f56bfc062723c751e8b465ee728b)
Start importing Assets/Scenes/torreta_2.fbx using Guid(8c5a70f0e2d15f8488031f100dd3a1b8) Importer(815301076,1909f56bfc062723c751e8b465ee728b)  -> (artifact id: 'be21f66b30321d131051ea7bc51a808e') in 0.525949 seconds
Number of updated asset objects reloaded before import = 0
Number of asset objects unloaded after import = 76
========================================================================
Received Import Request.
  Time since last request: 45.575778 seconds.
  path: Assets/torreta/textures
  artifactKey: Guid(58085c180285c1e41839d9b0c6f1e14f) Importer(815301076,1909f56bfc062723c751e8b465ee728b)
Start importing Assets/torreta/textures using Guid(58085c180285c1e41839d9b0c6f1e14f) Importer(815301076,1909f56bfc062723c751e8b465ee728b)  -> (artifact id: 'df8c601272b0f96236ff85097b0d6222') in 0.000544 seconds
Number of updated asset objects reloaded before import = 0
Number of asset objects unloaded after import = 0
========================================================================
Received Import Request.
  Time since last request: 48.475057 seconds.
  path: Assets/torreta/textures/1
  artifactKey: Guid(03dde4f7d29298e4dbb653e79440650e) Importer(815301076,1909f56bfc062723c751e8b465ee728b)
Start importing Assets/torreta/textures/1 using Guid(03dde4f7d29298e4dbb653e79440650e) Importer(815301076,1909f56bfc062723c751e8b465ee728b)  -> (artifact id: '16353ea09da4740888610153530c832b') in 0.000465 seconds
Number of updated asset objects reloaded before import = 0
Number of asset objects unloaded after import = 0
========================================================================
Received Import Request.
  Time since last request: 4.553254 seconds.
  path: Assets/torreta/textures/2
  artifactKey: Guid(8f05367dc70106644917a0b0ba600b44) Importer(815301076,1909f56bfc062723c751e8b465ee728b)
Start importing Assets/torreta/textures/2 using Guid(8f05367dc70106644917a0b0ba600b44) Importer(815301076,1909f56bfc062723c751e8b465ee728b)  -> (artifact id: '1facdd512b0a7fcb9ad8a446f8cd4c85') in 0.000471 seconds
Number of updated asset objects reloaded before import = 0
Number of asset objects unloaded after import = 0
========================================================================
Received Import Request.
  Time since last request: 7.060345 seconds.
  path: Assets/torreta/textures/3
  artifactKey: Guid(3476c9440efc41049844bb33b43029e9) Importer(815301076,1909f56bfc062723c751e8b465ee728b)
Start importing Assets/torreta/textures/3 using Guid(3476c9440efc41049844bb33b43029e9) Importer(815301076,1909f56bfc062723c751e8b465ee728b)  -> (artifact id: 'b48e5d85e571a980945a659918aa83cb') in 0.000650 seconds
Number of updated asset objects reloaded before import = 0
Number of asset objects unloaded after import = 0
========================================================================
Received Import Request.
  Time since last request: 19.395763 seconds.
  path: Assets/torreta/textures/1/torreta_2_lambert1_AlbedoTransparency.1001.png
  artifactKey: Guid(694eadae9349a1043824805c75af291f) Importer(815301076,1909f56bfc062723c751e8b465ee728b)
Start importing Assets/torreta/textures/1/torreta_2_lambert1_AlbedoTransparency.1001.png using Guid(694eadae9349a1043824805c75af291f) Importer(815301076,1909f56bfc062723c751e8b465ee728b)  -> (artifact id: 'c2194ccdf1e2cf5de438324d55118da7') in 0.032266 seconds
Number of updated asset objects reloaded before import = 0
Number of asset objects unloaded after import = 2
========================================================================
Received Import Request.
  Time since last request: 0.000016 seconds.
  path: Assets/torreta/textures/1/torreta_2_lambert1_Normal.1001.png
  artifactKey: Guid(c1b05b4befceacc4484e65c5b6a83b66) Importer(815301076,1909f56bfc062723c751e8b465ee728b)
Start importing Assets/torreta/textures/1/torreta_2_lambert1_Normal.1001.png using Guid(c1b05b4befceacc4484e65c5b6a83b66) Importer(815301076,1909f56bfc062723c751e8b465ee728b)  -> (artifact id: 'f0e6a397143205ca72f67829e57bb435') in 0.022562 seconds
Number of updated asset objects reloaded before import = 0
Number of asset objects unloaded after import = 2
========================================================================
Received Import Request.
  Time since last request: 0.000020 seconds.
  path: Assets/torreta/textures/1/torreta_2_lambert1_MetallicSmoothness.1001.png
  artifactKey: Guid(97b1aa4ae2eedaf4890908ab54f41936) Importer(815301076,1909f56bfc062723c751e8b465ee728b)
Start importing Assets/torreta/textures/1/torreta_2_lambert1_MetallicSmoothness.1001.png using Guid(97b1aa4ae2eedaf4890908ab54f41936) Importer(815301076,1909f56bfc062723c751e8b465ee728b)  -> (artifact id: 'd447a2c961e3e4a5e6b3ff3afc3acf94') in 0.034113 seconds
Number of updated asset objects reloaded before import = 0
Number of asset objects unloaded after import = 2
========================================================================
Received Import Request.
  Time since last request: 11.331469 seconds.
  path: Assets/torreta/textures/1/1.mat
  artifactKey: Guid(471c77c7163d75c45bbd541e14f6c93d) Importer(815301076,1909f56bfc062723c751e8b465ee728b)
Start importing Assets/torreta/textures/1/1.mat using Guid(471c77c7163d75c45bbd541e14f6c93d) Importer(815301076,1909f56bfc062723c751e8b465ee728b)  -> (artifact id: '4d0d52b4cf1c9e0d56c3e21d98328121') in 0.019128 seconds
Number of updated asset objects reloaded before import = 0
Number of asset objects unloaded after import = 1
========================================================================
Received Import Request.
  Time since last request: 148.896761 seconds.
  path: Assets/torreta/textures/2/2.mat
  artifactKey: Guid(f4c6b07e075e7d74fb3ed73a94969adc) Importer(815301076,1909f56bfc062723c751e8b465ee728b)
Start importing Assets/torreta/textures/2/2.mat using Guid(f4c6b07e075e7d74fb3ed73a94969adc) Importer(815301076,1909f56bfc062723c751e8b465ee728b)  -> (artifact id: '50a9cd5dcf4d0bf66ba3ed2fe76e44ef') in 0.024792 seconds
Number of updated asset objects reloaded before import = 0
Number of asset objects unloaded after import = 1
========================================================================
Received Import Request.
  Time since last request: 27.825639 seconds.
  path: Assets/torreta/textures/torreta_2_lambert1_AlbedoTransparency.1002.png
  artifactKey: Guid(adab494a25b75d34493a71a5d47c17b8) Importer(815301076,1909f56bfc062723c751e8b465ee728b)
Start importing Assets/torreta/textures/torreta_2_lambert1_AlbedoTransparency.1002.png using Guid(adab494a25b75d34493a71a5d47c17b8) Importer(815301076,1909f56bfc062723c751e8b465ee728b)  -> (artifact id: 'f94bf14b497ca614778b92419bb221c8') in 0.029759 seconds
Number of updated asset objects reloaded before import = 0
Number of asset objects unloaded after import = 2
========================================================================
Received Import Request.
  Time since last request: 0.000021 seconds.
  path: Assets/torreta/textures/torreta_2_lambert1_MetallicSmoothness.1002.png
  artifactKey: Guid(f0b6547a34b07a84185209c63a026b1e) Importer(815301076,1909f56bfc062723c751e8b465ee728b)
Start importing Assets/torreta/textures/torreta_2_lambert1_MetallicSmoothness.1002.png using Guid(f0b6547a34b07a84185209c63a026b1e) Importer(815301076,1909f56bfc062723c751e8b465ee728b)  -> (artifact id: '1737b1b35fd2aac9b40203b809fb1350') in 0.019702 seconds
Number of updated asset objects reloaded before import = 0
Number of asset objects unloaded after import = 2
========================================================================
Received Import Request.
  Time since last request: 85.826162 seconds.
  path: Assets/torreta/textures/torreta_2_lambert1_AlbedoTransparency.1003.png
  artifactKey: Guid(eeaff94d6b98a0e449901ce585ceede5) Importer(815301076,1909f56bfc062723c751e8b465ee728b)
Start importing Assets/torreta/textures/torreta_2_lambert1_AlbedoTransparency.1003.png using Guid(eeaff94d6b98a0e449901ce585ceede5) Importer(815301076,1909f56bfc062723c751e8b465ee728b)  -> (artifact id: 'edb315d0001ecd5537af58f27c5b1a4d') in 0.021550 seconds
Number of updated asset objects reloaded before import = 0
Number of asset objects unloaded after import = 2
========================================================================
Received Import Request.
  Time since last request: 0.000020 seconds.
  path: Assets/torreta/textures/torreta_2_lambert1_Normal.1003.png
  artifactKey: Guid(88d2f683d40489649b868db180f99a6d) Importer(815301076,1909f56bfc062723c751e8b465ee728b)
Start importing Assets/torreta/textures/torreta_2_lambert1_Normal.1003.png using Guid(88d2f683d40489649b868db180f99a6d) Importer(815301076,1909f56bfc062723c751e8b465ee728b)  -> (artifact id: 'fa9769ca18110331e4bfbd7168ca7935') in 0.023309 seconds
Number of updated asset objects reloaded before import = 0
Number of asset objects unloaded after import = 2
========================================================================
Received Import Request.
  Time since last request: 11.567956 seconds.
  path: Assets/torreta/textures/3/New Material.mat
  artifactKey: Guid(fe1054fd78d315849b834be48e3dba61) Importer(815301076,1909f56bfc062723c751e8b465ee728b)
Start importing Assets/torreta/textures/3/New Material.mat using Guid(fe1054fd78d315849b834be48e3dba61) Importer(815301076,1909f56bfc062723c751e8b465ee728b)  -> (artifact id: '2cd6cb57157fe0a7941315a60730621e') in 0.012574 seconds
Number of updated asset objects reloaded before import = 0
Number of asset objects unloaded after import = 1
========================================================================
Received Import Request.
  Time since last request: 1276.575691 seconds.
  path: Assets/Scenes/bola.mat
  artifactKey: Guid(66afc716c7f0a6144b4fdb36aac0e142) Importer(815301076,1909f56bfc062723c751e8b465ee728b)
Start importing Assets/Scenes/bola.mat using Guid(66afc716c7f0a6144b4fdb36aac0e142) Importer(815301076,1909f56bfc062723c751e8b465ee728b)  -> (artifact id: 'f2f77467a48db90f49e0256d75ec2650') in 0.027599 seconds
Number of updated asset objects reloaded before import = 0
Number of asset objects unloaded after import = 1
========================================================================
Received Import Request.
  Time since last request: 254.108796 seconds.
  path: Assets/Scenes/bola.mat
  artifactKey: Guid(66afc716c7f0a6144b4fdb36aac0e142) Importer(815301076,1909f56bfc062723c751e8b465ee728b)
Start importing Assets/Scenes/bola.mat using Guid(66afc716c7f0a6144b4fdb36aac0e142) Importer(815301076,1909f56bfc062723c751e8b465ee728b)  -> (artifact id: 'f66a6726e73c40248d8e3141653b9a69') in 0.092082 seconds
Number of updated asset objects reloaded before import = 0
Number of asset objects unloaded after import = 1
