Using pre-set license
Built from '2022.3/staging' branch; Version is '2022.3.10f1 (ff3792e53c62) revision 16725906'; Using compiler version '192829333'; Build Type 'Release'
OS: 'Windows 11  (10.0.22621) 64bit Professional' Language: 'es' Physical Memory: 16310 MB
BatchMode: 1, IsHumanControllingUs: 0, StartBugReporterOnCrash: 0, Is64bit: 1, IsPro: 1

COMMAND LINE ARGUMENTS:
C:\Program Files\Unity\Hub\Editor\2022.3.10f1\Editor\Unity.exe
-adb2
-batchMode
-noUpm
-name
AssetImportWorker3
-projectPath
C:/Users/Usuario/My project
-logFile
Logs/AssetImportWorker3.log
-srvPort
51124
Successfully changed project path to: C:/Users/Usuario/My project
C:/Users/Usuario/My project
[UnityMemory] Configuration Parameters - Can be set up in boot.config
    "memorysetup-bucket-allocator-granularity=16"
    "memorysetup-bucket-allocator-bucket-count=8"
    "memorysetup-bucket-allocator-block-size=33554432"
    "memorysetup-bucket-allocator-block-count=8"
    "memorysetup-main-allocator-block-size=16777216"
    "memorysetup-thread-allocator-block-size=16777216"
    "memorysetup-gfx-main-allocator-block-size=16777216"
    "memorysetup-gfx-thread-allocator-block-size=16777216"
    "memorysetup-cache-allocator-block-size=4194304"
    "memorysetup-typetree-allocator-block-size=2097152"
    "memorysetup-profiler-bucket-allocator-granularity=16"
    "memorysetup-profiler-bucket-allocator-bucket-count=8"
    "memorysetup-profiler-bucket-allocator-block-size=33554432"
    "memorysetup-profiler-bucket-allocator-block-count=8"
    "memorysetup-profiler-allocator-block-size=16777216"
    "memorysetup-profiler-editor-allocator-block-size=1048576"
    "memorysetup-temp-allocator-size-main=16777216"
    "memorysetup-job-temp-allocator-block-size=2097152"
    "memorysetup-job-temp-allocator-block-size-background=1048576"
    "memorysetup-job-temp-allocator-reduction-small-platforms=262144"
    "memorysetup-allocator-temp-initial-block-size-main=262144"
    "memorysetup-allocator-temp-initial-block-size-worker=262144"
    "memorysetup-temp-allocator-size-background-worker=32768"
    "memorysetup-temp-allocator-size-job-worker=262144"
    "memorysetup-temp-allocator-size-preload-manager=33554432"
    "memorysetup-temp-allocator-size-nav-mesh-worker=65536"
    "memorysetup-temp-allocator-size-audio-worker=65536"
    "memorysetup-temp-allocator-size-cloud-worker=32768"
    "memorysetup-temp-allocator-size-gi-baking-worker=262144"
    "memorysetup-temp-allocator-size-gfx=262144"
Player connection [19488] Host "[IP] 192.168.100.39 [Port] 0 [Flags] 2 [Guid] 2133376482 [EditorId] 2133376482 [Version] 1048832 [Id] WindowsEditor(7,DESKTOP-VMMB7R9) [Debug] 1 [PackageName] WindowsEditor [ProjectName] Editor" joined multi-casting on [225.0.0.222:54997]...

Player connection [19488] Host "[IP] 192.168.100.39 [Port] 0 [Flags] 2 [Guid] 2133376482 [EditorId] 2133376482 [Version] 1048832 [Id] WindowsEditor(7,DESKTOP-VMMB7R9) [Debug] 1 [PackageName] WindowsEditor [ProjectName] Editor" joined alternative multi-casting on [225.0.0.222:34997]...

[Physics::Module] Initialized MultithreadedJobDispatcher with 11 workers.
Refreshing native plugins compatible for Editor in 10.76 ms, found 3 plugins.
Preloading 0 native plugins for Editor in 0.00 ms.
Initialize engine version: 2022.3.10f1 (ff3792e53c62)
[Subsystems] Discovering subsystems at path C:/Program Files/Unity/Hub/Editor/2022.3.10f1/Editor/Data/Resources/UnitySubsystems
[Subsystems] Discovering subsystems at path C:/Users/Usuario/My project/Assets
GfxDevice: creating device client; threaded=0; jobified=0
Direct3D:
    Version:  Direct3D 11.0 [level 11.1]
    Renderer: NVIDIA GeForce RTX 3060 Ti (ID=0x2489)
    Vendor:   NVIDIA
    VRAM:     8038 MB
    Driver:   31.0.15.2849
Initialize mono
Mono path[0] = 'C:/Program Files/Unity/Hub/Editor/2022.3.10f1/Editor/Data/Managed'
Mono path[1] = 'C:/Program Files/Unity/Hub/Editor/2022.3.10f1/Editor/Data/MonoBleedingEdge/lib/mono/unityjit-win32'
Mono config path = 'C:/Program Files/Unity/Hub/Editor/2022.3.10f1/Editor/Data/MonoBleedingEdge/etc'
Using monoOptions --debugger-agent=transport=dt_socket,embedding=1,server=y,suspend=n,address=127.0.0.1:56484
Begin MonoManager ReloadAssembly
Registering precompiled unity dll's ...
Register platform support module: C:/Program Files/Unity/Hub/Editor/2022.3.10f1/Editor/Data/PlaybackEngines/WebGLSupport/UnityEditor.WebGL.Extensions.dll
Register platform support module: C:/Program Files/Unity/Hub/Editor/2022.3.10f1/Editor/Data/PlaybackEngines/WindowsStandaloneSupport/UnityEditor.WindowsStandalone.Extensions.dll
Registered in 0.007998 seconds.
- Loaded All Assemblies, in  0.318 seconds
Native extension for WindowsStandalone target not found
Native extension for WebGL target not found
Mono: successfully reloaded assembly
- Finished resetting the current domain, in  0.209 seconds
Domain Reload Profiling: 526ms
	BeginReloadAssembly (95ms)
		ExecutionOrderSort (0ms)
		DisableScriptedObjects (0ms)
		BackupInstance (0ms)
		ReleaseScriptingObjects (0ms)
		CreateAndSetChildDomain (1ms)
	RebuildCommonClasses (31ms)
	RebuildNativeTypeToScriptingClass (10ms)
	initialDomainReloadingComplete (53ms)
	LoadAllAssembliesAndSetupDomain (127ms)
		LoadAssemblies (93ms)
		RebuildTransferFunctionScriptingTraits (0ms)
		AnalyzeDomain (126ms)
			TypeCache.Refresh (124ms)
				TypeCache.ScanAssembly (113ms)
			ScanForSourceGeneratedMonoScriptInfo (0ms)
			ResolveRequiredComponents (0ms)
	FinalizeReload (210ms)
		ReleaseScriptCaches (0ms)
		RebuildScriptCaches (0ms)
		SetupLoadedEditorAssemblies (161ms)
			LogAssemblyErrors (0ms)
			InitializePlatformSupportModulesInManaged (9ms)
			SetLoadedEditorAssemblies (4ms)
			RefreshPlugins (0ms)
			BeforeProcessingInitializeOnLoad (2ms)
			ProcessInitializeOnLoadAttributes (107ms)
			ProcessInitializeOnLoadMethodAttributes (38ms)
			AfterProcessingInitializeOnLoad (0ms)
			EditorAssembliesLoaded (0ms)
		ExecutionOrderSort2 (0ms)
		AwakeInstancesAfterBackupRestoration (0ms)
========================================================================
Worker process is ready to serve import requests
Begin MonoManager ReloadAssembly
- Loaded All Assemblies, in  0.745 seconds
Refreshing native plugins compatible for Editor in 3.85 ms, found 3 plugins.
Native extension for WindowsStandalone target not found
Native extension for WebGL target not found
Package Manager log level set to [2]
[Package Manager] Server::EnsureServerProcessIsRunning -- launch failed, reason: Unity was launched with the -noUpm command-line argument
[Package Manager] UpmClient::Send -- Unable to send message (not connected to UPM process).
[Package Manager] Cannot connect to Unity Package Manager local server
Mono: successfully reloaded assembly
- Finished resetting the current domain, in  0.734 seconds
Domain Reload Profiling: 1475ms
	BeginReloadAssembly (178ms)
		ExecutionOrderSort (0ms)
		DisableScriptedObjects (7ms)
		BackupInstance (0ms)
		ReleaseScriptingObjects (0ms)
		CreateAndSetChildDomain (26ms)
	RebuildCommonClasses (42ms)
	RebuildNativeTypeToScriptingClass (11ms)
	initialDomainReloadingComplete (52ms)
	LoadAllAssembliesAndSetupDomain (458ms)
		LoadAssemblies (354ms)
		RebuildTransferFunctionScriptingTraits (0ms)
		AnalyzeDomain (212ms)
			TypeCache.Refresh (176ms)
				TypeCache.ScanAssembly (159ms)
			ScanForSourceGeneratedMonoScriptInfo (21ms)
			ResolveRequiredComponents (13ms)
	FinalizeReload (735ms)
		ReleaseScriptCaches (0ms)
		RebuildScriptCaches (0ms)
		SetupLoadedEditorAssemblies (568ms)
			LogAssemblyErrors (0ms)
			InitializePlatformSupportModulesInManaged (8ms)
			SetLoadedEditorAssemblies (3ms)
			RefreshPlugins (0ms)
			BeforeProcessingInitializeOnLoad (84ms)
			ProcessInitializeOnLoadAttributes (382ms)
			ProcessInitializeOnLoadMethodAttributes (81ms)
			AfterProcessingInitializeOnLoad (9ms)
			EditorAssembliesLoaded (0ms)
		ExecutionOrderSort2 (0ms)
		AwakeInstancesAfterBackupRestoration (8ms)
Launched and connected shader compiler UnityShaderCompiler.exe after 0.05 seconds
Refreshing native plugins compatible for Editor in 5.22 ms, found 3 plugins.
Preloading 0 native plugins for Editor in 0.00 ms.
Unloading 4899 Unused Serialized files (Serialized files now loaded: 0)
Unloading 74 unused Assets / (0.8 MB). Loaded Objects now: 5346.
Memory consumption went from 193.2 MB to 192.5 MB.
Total: 5.440000 ms (FindLiveObjects: 1.015000 ms CreateObjectMapping: 0.159400 ms MarkObjects: 3.835600 ms  DeleteObjects: 0.428600 ms)

AssetImportParameters requested are different than current active one (requested -> active):
  custom:container-demuxer-ogg: 62fdf1f143b41e24485cea50d1cbac27 -> 
  custom:video-codec-MediaFoundation-h265: 746d11721c4dcdbdad8f713fa42b33f4 -> 
  custom:video-decoder-ogg-theora: a1e56fd34408186e4bbccfd4996cb3dc -> 
  custom:framework-win-MediaFoundation: 216162199b28c13a410421893ffa2e32 -> 
  custom:CustomObjectIndexerAttribute: a3ef5dd2817f97addfee359851a9dba5 -> 
  custom:container-demuxer-webm: 4f35f7cbe854078d1ac9338744f61a02 -> 
  custom:container-muxer-webm: aa71ff27fc2769a1b78a27578f13a17b -> 
  custom:video-decoder-webm-vp8: 9c59270c3fd7afecdb556c50c9e8de78 -> 
  custom:SearchIndexIgnoredProperties: e643bd26f0fe6173181afceb89e7c659 -> 
  custom:AudioImporter_EditorPlatform: d09bf68614088b80899f8185d706f6e7 -> 
  custom:video-encoder-webm-vp8: eb34c28f22e8b96e1ab97ce403110664 -> 
  custom:audio-decoder-ogg-vorbis: bf7c407c2cedff20999df2af8eb42d56 -> 
  custom:audio-encoder-webm-vorbis: bf7c407c2cedff20999df2af8eb42d56 -> 
========================================================================
Received Import Request.
  Time since last request: 1617.933072 seconds.
  path: Assets/Top-Down Interiors/Prefabs/Props/Pillow1.prefab
  artifactKey: Guid(ddc6d695c1f0b8a4ba737a9419d7e24c) Importer(815301076,1909f56bfc062723c751e8b465ee728b)
Start importing Assets/Top-Down Interiors/Prefabs/Props/Pillow1.prefab using Guid(ddc6d695c1f0b8a4ba737a9419d7e24c) Importer(815301076,1909f56bfc062723c751e8b465ee728b)  -> (artifact id: '91bb8e15a6ddbc5fb51e1a4d03c1b66f') in 0.346527 seconds
Number of updated asset objects reloaded before import = 0
Number of asset objects unloaded after import = 14
========================================================================
Received Import Request.
  Time since last request: 2.251611 seconds.
  path: Assets/Top-Down Interiors/Prefabs/Pottery/Pottery2.prefab
  artifactKey: Guid(84ea03b548207a844b893daad9bd7e25) Importer(815301076,1909f56bfc062723c751e8b465ee728b)
Start importing Assets/Top-Down Interiors/Prefabs/Pottery/Pottery2.prefab using Guid(84ea03b548207a844b893daad9bd7e25) Importer(815301076,1909f56bfc062723c751e8b465ee728b)  -> (artifact id: '954fc958e208ad0657f4ed06f5de9e80') in 0.040774 seconds
Number of updated asset objects reloaded before import = 0
Number of asset objects unloaded after import = 12
========================================================================
Received Import Request.
  Time since last request: 0.000025 seconds.
  path: Assets/Top-Down Interiors/Prefabs/Pottery/Pottery9.prefab
  artifactKey: Guid(ef9a8ce23a7942248a7a7ccf76567920) Importer(815301076,1909f56bfc062723c751e8b465ee728b)
Start importing Assets/Top-Down Interiors/Prefabs/Pottery/Pottery9.prefab using Guid(ef9a8ce23a7942248a7a7ccf76567920) Importer(815301076,1909f56bfc062723c751e8b465ee728b)  -> (artifact id: 'f2c1ae95cac9dd5d9a181a7a76af8164') in 0.061423 seconds
Number of updated asset objects reloaded before import = 0
Number of asset objects unloaded after import = 12
========================================================================
Received Import Request.
  Time since last request: 0.000023 seconds.
  path: Assets/Top-Down Interiors/Prefabs/Pottery/Pottery5.prefab
  artifactKey: Guid(58a9d51ab79ec374d910638d1c9c74e8) Importer(815301076,1909f56bfc062723c751e8b465ee728b)
Start importing Assets/Top-Down Interiors/Prefabs/Pottery/Pottery5.prefab using Guid(58a9d51ab79ec374d910638d1c9c74e8) Importer(815301076,1909f56bfc062723c751e8b465ee728b)  -> (artifact id: '4c6dc26b378159614992619bf04aafce') in 0.060730 seconds
Number of updated asset objects reloaded before import = 0
Number of asset objects unloaded after import = 12
========================================================================
Received Import Request.
  Time since last request: 0.000045 seconds.
  path: Assets/Top-Down Interiors/Prefabs/Pottery/Pottery4.prefab
  artifactKey: Guid(974f8f50a88e9ec49a078cb3025da3a3) Importer(815301076,1909f56bfc062723c751e8b465ee728b)
Start importing Assets/Top-Down Interiors/Prefabs/Pottery/Pottery4.prefab using Guid(974f8f50a88e9ec49a078cb3025da3a3) Importer(815301076,1909f56bfc062723c751e8b465ee728b)  -> (artifact id: 'f278606d3581d3d964ea2319d1ebdc2d') in 0.041325 seconds
Number of updated asset objects reloaded before import = 0
Number of asset objects unloaded after import = 12
========================================================================
Received Import Request.
  Time since last request: 0.000029 seconds.
  path: Assets/Top-Down Interiors/Prefabs/Pottery/Pottery18.prefab
  artifactKey: Guid(e35b1be3a98ae2d4495ad6cf883906b1) Importer(815301076,1909f56bfc062723c751e8b465ee728b)
Start importing Assets/Top-Down Interiors/Prefabs/Pottery/Pottery18.prefab using Guid(e35b1be3a98ae2d4495ad6cf883906b1) Importer(815301076,1909f56bfc062723c751e8b465ee728b)  -> (artifact id: '579760c13aeea231fc69b5d4e5a00b5e') in 0.024182 seconds
Number of updated asset objects reloaded before import = 0
Number of asset objects unloaded after import = 13
========================================================================
Received Import Request.
  Time since last request: 0.000029 seconds.
  path: Assets/Top-Down Interiors/Prefabs/Pottery/Pottery_grup9.prefab
  artifactKey: Guid(b2738962d453a844d8552843a63b6c2a) Importer(815301076,1909f56bfc062723c751e8b465ee728b)
Start importing Assets/Top-Down Interiors/Prefabs/Pottery/Pottery_grup9.prefab using Guid(b2738962d453a844d8552843a63b6c2a) Importer(815301076,1909f56bfc062723c751e8b465ee728b)  -> (artifact id: 'cc762c508acee53138062992e6d6f7fe') in 0.025218 seconds
Number of updated asset objects reloaded before import = 0
Number of asset objects unloaded after import = 39
========================================================================
Received Import Request.
  Time since last request: 0.000026 seconds.
  path: Assets/Top-Down Interiors/Prefabs/Pottery/Pottery_grup8.prefab
  artifactKey: Guid(e23e6ce73bfdfdd489694874ffe27d1c) Importer(815301076,1909f56bfc062723c751e8b465ee728b)
Start importing Assets/Top-Down Interiors/Prefabs/Pottery/Pottery_grup8.prefab using Guid(e23e6ce73bfdfdd489694874ffe27d1c) Importer(815301076,1909f56bfc062723c751e8b465ee728b)  -> (artifact id: '420a985d625be0b1f818ed88969fd0e3') in 0.024531 seconds
Number of updated asset objects reloaded before import = 0
Number of asset objects unloaded after import = 34
========================================================================
Received Import Request.
  Time since last request: 0.000023 seconds.
  path: Assets/Top-Down Interiors/Prefabs/Pottery/Pottery_grup6.prefab
  artifactKey: Guid(99606096ad752af4689c1cd94c731d6d) Importer(815301076,1909f56bfc062723c751e8b465ee728b)
Start importing Assets/Top-Down Interiors/Prefabs/Pottery/Pottery_grup6.prefab using Guid(99606096ad752af4689c1cd94c731d6d) Importer(815301076,1909f56bfc062723c751e8b465ee728b)  -> (artifact id: '31064ed089567186db87dda50ad78bb1') in 0.025992 seconds
Number of updated asset objects reloaded before import = 0
Number of asset objects unloaded after import = 54
========================================================================
Received Import Request.
  Time since last request: 0.000033 seconds.
  path: Assets/Top-Down Interiors/Prefabs/Pottery/Pottery12.prefab
  artifactKey: Guid(c321d5a89eb79bc4ca08972a12a09456) Importer(815301076,1909f56bfc062723c751e8b465ee728b)
Start importing Assets/Top-Down Interiors/Prefabs/Pottery/Pottery12.prefab using Guid(c321d5a89eb79bc4ca08972a12a09456) Importer(815301076,1909f56bfc062723c751e8b465ee728b)  -> (artifact id: 'd988affb8de6181df3a7a3ac3f8bdca8') in 0.019896 seconds
Number of updated asset objects reloaded before import = 0
Number of asset objects unloaded after import = 12
========================================================================
Received Import Request.
  Time since last request: 0.000021 seconds.
  path: Assets/Top-Down Interiors/Prefabs/Pottery/Pottery_grup5.prefab
  artifactKey: Guid(6b1ff53fb5ce3d04996cd00e94ef3fd4) Importer(815301076,1909f56bfc062723c751e8b465ee728b)
Start importing Assets/Top-Down Interiors/Prefabs/Pottery/Pottery_grup5.prefab using Guid(6b1ff53fb5ce3d04996cd00e94ef3fd4) Importer(815301076,1909f56bfc062723c751e8b465ee728b)  -> (artifact id: '14e8a01b71092513a6231f0293496a00') in 0.023077 seconds
Number of updated asset objects reloaded before import = 0
Number of asset objects unloaded after import = 34
========================================================================
Received Import Request.
  Time since last request: 3.046569 seconds.
  path: Assets/Top-Down Interiors/Prefabs/Lights/Candle3.prefab
  artifactKey: Guid(097716aef3c5e9c4dae95236c5f81ca1) Importer(815301076,1909f56bfc062723c751e8b465ee728b)
Start importing Assets/Top-Down Interiors/Prefabs/Lights/Candle3.prefab using Guid(097716aef3c5e9c4dae95236c5f81ca1) Importer(815301076,1909f56bfc062723c751e8b465ee728b)  -> (artifact id: 'ff537a2ce9c29df70f112d551c52a5c9') in 0.881619 seconds
Number of updated asset objects reloaded before import = 0
Number of asset objects unloaded after import = 27
========================================================================
Received Import Request.
  Time since last request: 4.510217 seconds.
  path: Assets/Top-Down Interiors/Prefabs/Furniture/Bed_03.prefab
  artifactKey: Guid(6bb247e04f075bd479f89c7ac3eb505a) Importer(815301076,1909f56bfc062723c751e8b465ee728b)
Start importing Assets/Top-Down Interiors/Prefabs/Furniture/Bed_03.prefab using Guid(6bb247e04f075bd479f89c7ac3eb505a) Importer(815301076,1909f56bfc062723c751e8b465ee728b)  -> (artifact id: '2a350a40c38b8383f7f55d22efdf3f1e') in 0.052764 seconds
Number of updated asset objects reloaded before import = 0
Number of asset objects unloaded after import = 24
========================================================================
Received Import Request.
  Time since last request: 0.000026 seconds.
  path: Assets/Top-Down Interiors/Prefabs/Furniture/Table_Tawern3.prefab
  artifactKey: Guid(7017224ab27fa00458ce0b987ffdb30a) Importer(815301076,1909f56bfc062723c751e8b465ee728b)
Start importing Assets/Top-Down Interiors/Prefabs/Furniture/Table_Tawern3.prefab using Guid(7017224ab27fa00458ce0b987ffdb30a) Importer(815301076,1909f56bfc062723c751e8b465ee728b)  -> (artifact id: '1d122fb4593b2559d919a2ae856777d8') in 0.059558 seconds
Number of updated asset objects reloaded before import = 0
Number of asset objects unloaded after import = 13
========================================================================
Received Import Request.
  Time since last request: 0.000032 seconds.
  path: Assets/Top-Down Interiors/Prefabs/Furniture/Table4.prefab
  artifactKey: Guid(e5fcc46aef62f0d458b9ffddcd8a8b06) Importer(815301076,1909f56bfc062723c751e8b465ee728b)
Start importing Assets/Top-Down Interiors/Prefabs/Furniture/Table4.prefab using Guid(e5fcc46aef62f0d458b9ffddcd8a8b06) Importer(815301076,1909f56bfc062723c751e8b465ee728b)  -> (artifact id: 'a9b4b2cadc5cba7a9479cee9a6952792') in 0.091673 seconds
Number of updated asset objects reloaded before import = 0
Number of asset objects unloaded after import = 13
========================================================================
Received Import Request.
  Time since last request: 0.000017 seconds.
  path: Assets/Top-Down Interiors/Prefabs/Furniture/Furniture4.prefab
  artifactKey: Guid(c910ed08c12087b42b3042f8e74db743) Importer(815301076,1909f56bfc062723c751e8b465ee728b)
Start importing Assets/Top-Down Interiors/Prefabs/Furniture/Furniture4.prefab using Guid(c910ed08c12087b42b3042f8e74db743) Importer(815301076,1909f56bfc062723c751e8b465ee728b)  -> (artifact id: '181bb0bdf8a04e8333b87500c602583f') in 0.041126 seconds
Number of updated asset objects reloaded before import = 0
Number of asset objects unloaded after import = 13
========================================================================
Received Import Request.
  Time since last request: 0.000026 seconds.
  path: Assets/Top-Down Interiors/Prefabs/Furniture/Cupboard1_1_books.prefab
  artifactKey: Guid(b23804d55afd7ff4bbe20da0379ed7b0) Importer(815301076,1909f56bfc062723c751e8b465ee728b)
Start importing Assets/Top-Down Interiors/Prefabs/Furniture/Cupboard1_1_books.prefab using Guid(b23804d55afd7ff4bbe20da0379ed7b0) Importer(815301076,1909f56bfc062723c751e8b465ee728b)  -> (artifact id: 'eed0a6e7003f2ed99351d93285ad7108') in 0.058823 seconds
Number of updated asset objects reloaded before import = 0
Number of asset objects unloaded after import = 88
========================================================================
Received Import Request.
  Time since last request: 0.000020 seconds.
  path: Assets/Top-Down Interiors/Prefabs/Furniture/Table_Tawern2.prefab
  artifactKey: Guid(e426b43c031c23f469a3ae77402a4a79) Importer(815301076,1909f56bfc062723c751e8b465ee728b)
Start importing Assets/Top-Down Interiors/Prefabs/Furniture/Table_Tawern2.prefab using Guid(e426b43c031c23f469a3ae77402a4a79) Importer(815301076,1909f56bfc062723c751e8b465ee728b)  -> (artifact id: '667af8e740c0d3dafeae41884eb83d59') in 0.023033 seconds
Number of updated asset objects reloaded before import = 0
Number of asset objects unloaded after import = 13
========================================================================
Received Import Request.
  Time since last request: 0.000022 seconds.
  path: Assets/Top-Down Interiors/Prefabs/Furniture/Cupboard2_3.prefab
  artifactKey: Guid(acc4c4b2bea72a44c99f4c4162def8d6) Importer(815301076,1909f56bfc062723c751e8b465ee728b)
Start importing Assets/Top-Down Interiors/Prefabs/Furniture/Cupboard2_3.prefab using Guid(acc4c4b2bea72a44c99f4c4162def8d6) Importer(815301076,1909f56bfc062723c751e8b465ee728b)  -> (artifact id: '5a8734ef440499716fa369f1455e340e') in 0.027723 seconds
Number of updated asset objects reloaded before import = 0
Number of asset objects unloaded after import = 13
========================================================================
Received Import Request.
  Time since last request: 0.000073 seconds.
  path: Assets/Top-Down Interiors/Prefabs/Furniture/Bed_12.prefab
  artifactKey: Guid(7278333d3f3c6604e84c6c8f3c7f0c7a) Importer(815301076,1909f56bfc062723c751e8b465ee728b)
Start importing Assets/Top-Down Interiors/Prefabs/Furniture/Bed_12.prefab using Guid(7278333d3f3c6604e84c6c8f3c7f0c7a) Importer(815301076,1909f56bfc062723c751e8b465ee728b)  -> (artifact id: 'c764a73451abe9809f8e318ffdefa36d') in 0.028288 seconds
Number of updated asset objects reloaded before import = 0
Number of asset objects unloaded after import = 24
========================================================================
Received Import Request.
  Time since last request: 0.000021 seconds.
  path: Assets/Top-Down Interiors/Prefabs/Furniture/Furniture6.prefab
  artifactKey: Guid(a59687e23417e1a4ea1e917be35cccdd) Importer(815301076,1909f56bfc062723c751e8b465ee728b)
Start importing Assets/Top-Down Interiors/Prefabs/Furniture/Furniture6.prefab using Guid(a59687e23417e1a4ea1e917be35cccdd) Importer(815301076,1909f56bfc062723c751e8b465ee728b)  -> (artifact id: '3cde2111812a22632a58e0c9112c6e91') in 0.021803 seconds
Number of updated asset objects reloaded before import = 0
Number of asset objects unloaded after import = 13
========================================================================
Received Import Request.
  Time since last request: 0.000018 seconds.
  path: Assets/Top-Down Interiors/Prefabs/Furniture/Table1.prefab
  artifactKey: Guid(8a97d8642ba8d9941bb61946f897107a) Importer(815301076,1909f56bfc062723c751e8b465ee728b)
Start importing Assets/Top-Down Interiors/Prefabs/Furniture/Table1.prefab using Guid(8a97d8642ba8d9941bb61946f897107a) Importer(815301076,1909f56bfc062723c751e8b465ee728b)  -> (artifact id: 'fb998b2eb4dea98a2e04bf7c9f8db519') in 0.020565 seconds
Number of updated asset objects reloaded before import = 0
Number of asset objects unloaded after import = 13
========================================================================
Received Import Request.
  Time since last request: 0.000025 seconds.
  path: Assets/Top-Down Interiors/Prefabs/Furniture/Cupboard1_1_pottery1.prefab
  artifactKey: Guid(6e094d678e9fdfc458be7f335eaa4949) Importer(815301076,1909f56bfc062723c751e8b465ee728b)
Start importing Assets/Top-Down Interiors/Prefabs/Furniture/Cupboard1_1_pottery1.prefab using Guid(6e094d678e9fdfc458be7f335eaa4949) Importer(815301076,1909f56bfc062723c751e8b465ee728b)  -> (artifact id: 'c51f1c736d8f92d5898363793bd77ca3') in 0.027553 seconds
Number of updated asset objects reloaded before import = 0
Number of asset objects unloaded after import = 104
========================================================================
Received Import Request.
  Time since last request: 0.000037 seconds.
  path: Assets/Top-Down Interiors/Prefabs/Furniture/Bench1.prefab
  artifactKey: Guid(f28db7aeaf5c6be42bb23d6120ae95fc) Importer(815301076,1909f56bfc062723c751e8b465ee728b)
Start importing Assets/Top-Down Interiors/Prefabs/Furniture/Bench1.prefab using Guid(f28db7aeaf5c6be42bb23d6120ae95fc) Importer(815301076,1909f56bfc062723c751e8b465ee728b)  -> (artifact id: 'b10d8a8912c38107b0f21c7692ddcf54') in 0.021460 seconds
Number of updated asset objects reloaded before import = 0
Number of asset objects unloaded after import = 13
========================================================================
Received Import Request.
  Time since last request: 0.000020 seconds.
  path: Assets/Top-Down Interiors/Prefabs/Furniture/Cupboard1_1_pottery3.prefab
  artifactKey: Guid(5fc0d0cf8b5ed15419249baa807fc0c8) Importer(815301076,1909f56bfc062723c751e8b465ee728b)
Start importing Assets/Top-Down Interiors/Prefabs/Furniture/Cupboard1_1_pottery3.prefab using Guid(5fc0d0cf8b5ed15419249baa807fc0c8) Importer(815301076,1909f56bfc062723c751e8b465ee728b)  -> (artifact id: '722eaa48fe7885fb30203241a3844fae') in 0.026400 seconds
Number of updated asset objects reloaded before import = 0
Number of asset objects unloaded after import = 133
========================================================================
Received Import Request.
  Time since last request: 0.000037 seconds.
  path: Assets/Top-Down Interiors/Prefabs/Furniture/Bed_09.prefab
  artifactKey: Guid(c40aa019766e20448b570600a4ea6d6a) Importer(815301076,1909f56bfc062723c751e8b465ee728b)
Start importing Assets/Top-Down Interiors/Prefabs/Furniture/Bed_09.prefab using Guid(c40aa019766e20448b570600a4ea6d6a) Importer(815301076,1909f56bfc062723c751e8b465ee728b)  -> (artifact id: '1d1982b891946706a17bb917e2b83195') in 0.028311 seconds
Number of updated asset objects reloaded before import = 0
Number of asset objects unloaded after import = 24
========================================================================
Received Import Request.
  Time since last request: 0.000037 seconds.
  path: Assets/Top-Down Interiors/Prefabs/Furniture/Bed_10.prefab
  artifactKey: Guid(ecebd14957dda554b9f41e199dea0b7e) Importer(815301076,1909f56bfc062723c751e8b465ee728b)
Start importing Assets/Top-Down Interiors/Prefabs/Furniture/Bed_10.prefab using Guid(ecebd14957dda554b9f41e199dea0b7e) Importer(815301076,1909f56bfc062723c751e8b465ee728b)  -> (artifact id: '330a9b925588450084a558afd5105d3d') in 0.028447 seconds
Number of updated asset objects reloaded before import = 0
Number of asset objects unloaded after import = 24
========================================================================
Received Import Request.
  Time since last request: 0.000021 seconds.
  path: Assets/Top-Down Interiors/Prefabs/Furniture/Bed_18.prefab
  artifactKey: Guid(55daf13cdf42a754bae25252da80398c) Importer(815301076,1909f56bfc062723c751e8b465ee728b)
Start importing Assets/Top-Down Interiors/Prefabs/Furniture/Bed_18.prefab using Guid(55daf13cdf42a754bae25252da80398c) Importer(815301076,1909f56bfc062723c751e8b465ee728b)  -> (artifact id: 'a6185b5a98c002875c5abd618552f65e') in 0.026878 seconds
Number of updated asset objects reloaded before import = 0
Number of asset objects unloaded after import = 24
========================================================================
Received Import Request.
  Time since last request: 0.000019 seconds.
  path: Assets/Top-Down Interiors/Prefabs/Furniture/Table1B.prefab
  artifactKey: Guid(fe74bb851c24ea34181e4909a9ecb4df) Importer(815301076,1909f56bfc062723c751e8b465ee728b)
Start importing Assets/Top-Down Interiors/Prefabs/Furniture/Table1B.prefab using Guid(fe74bb851c24ea34181e4909a9ecb4df) Importer(815301076,1909f56bfc062723c751e8b465ee728b)  -> (artifact id: 'bb2d8a174424f420362c5fdea1ef331e') in 0.023017 seconds
Number of updated asset objects reloaded before import = 0
Number of asset objects unloaded after import = 13
========================================================================
Received Import Request.
  Time since last request: 0.000020 seconds.
  path: Assets/Top-Down Interiors/Prefabs/Furniture/Furniture10_1.prefab
  artifactKey: Guid(1e9048510199eb9429a57b56bea5b499) Importer(815301076,1909f56bfc062723c751e8b465ee728b)
Start importing Assets/Top-Down Interiors/Prefabs/Furniture/Furniture10_1.prefab using Guid(1e9048510199eb9429a57b56bea5b499) Importer(815301076,1909f56bfc062723c751e8b465ee728b)  -> (artifact id: '2f1968ef65e022fed0ecb27ad3a1feb4') in 0.026487 seconds
Number of updated asset objects reloaded before import = 0
Number of asset objects unloaded after import = 37
========================================================================
Received Import Request.
  Time since last request: 0.000021 seconds.
  path: Assets/Top-Down Interiors/Prefabs/Furniture/Furniture15.prefab
  artifactKey: Guid(73aea769b38e34f4fa2c4ac95192d42a) Importer(815301076,1909f56bfc062723c751e8b465ee728b)
Start importing Assets/Top-Down Interiors/Prefabs/Furniture/Furniture15.prefab using Guid(73aea769b38e34f4fa2c4ac95192d42a) Importer(815301076,1909f56bfc062723c751e8b465ee728b)  -> (artifact id: '7bd93d8814a623b6bdcb2e03e664bfc8') in 0.025299 seconds
Number of updated asset objects reloaded before import = 0
Number of asset objects unloaded after import = 13
========================================================================
Received Import Request.
  Time since last request: 0.000036 seconds.
  path: Assets/Top-Down Interiors/Prefabs/Furniture/Bed_16.prefab
  artifactKey: Guid(6887eeeeb9ddd4843bc0c36da9d655ad) Importer(815301076,1909f56bfc062723c751e8b465ee728b)
Start importing Assets/Top-Down Interiors/Prefabs/Furniture/Bed_16.prefab using Guid(6887eeeeb9ddd4843bc0c36da9d655ad) Importer(815301076,1909f56bfc062723c751e8b465ee728b)  -> (artifact id: 'ca175c066f8937627e228d6cf27a3e70') in 0.028469 seconds
Number of updated asset objects reloaded before import = 0
Number of asset objects unloaded after import = 24
========================================================================
Received Import Request.
  Time since last request: 0.000022 seconds.
  path: Assets/Top-Down Interiors/Prefabs/Furniture/Bed_14.prefab
  artifactKey: Guid(2b750efe5a3b14a49b7e32c6d466c6db) Importer(815301076,1909f56bfc062723c751e8b465ee728b)
Start importing Assets/Top-Down Interiors/Prefabs/Furniture/Bed_14.prefab using Guid(2b750efe5a3b14a49b7e32c6d466c6db) Importer(815301076,1909f56bfc062723c751e8b465ee728b)  -> (artifact id: '75cd10494a2f23788fcb8d14a09bd4bd') in 0.031746 seconds
Number of updated asset objects reloaded before import = 0
Number of asset objects unloaded after import = 24
========================================================================
Received Import Request.
  Time since last request: 0.000035 seconds.
  path: Assets/Top-Down Interiors/Prefabs/Furniture/Cupboard2_1_books2.prefab
  artifactKey: Guid(9110e0ee9a1c24b44a1180ec3cdef0c3) Importer(815301076,1909f56bfc062723c751e8b465ee728b)
Start importing Assets/Top-Down Interiors/Prefabs/Furniture/Cupboard2_1_books2.prefab using Guid(9110e0ee9a1c24b44a1180ec3cdef0c3) Importer(815301076,1909f56bfc062723c751e8b465ee728b)  -> (artifact id: '9e982e19699d70c83f3d84d9a902c521') in 0.031074 seconds
Number of updated asset objects reloaded before import = 0
Number of asset objects unloaded after import = 85
========================================================================
Received Import Request.
  Time since last request: 0.000024 seconds.
  path: Assets/Top-Down Interiors/Prefabs/Furniture/Cupboard2_2.prefab
  artifactKey: Guid(dd5b66eb388a6034ba02d2d9a7903f2c) Importer(815301076,1909f56bfc062723c751e8b465ee728b)
Start importing Assets/Top-Down Interiors/Prefabs/Furniture/Cupboard2_2.prefab using Guid(dd5b66eb388a6034ba02d2d9a7903f2c) Importer(815301076,1909f56bfc062723c751e8b465ee728b)  -> (artifact id: 'c86ad25cf32b58fe97668f336249abdf') in 0.025547 seconds
Number of updated asset objects reloaded before import = 0
Number of asset objects unloaded after import = 13
========================================================================
Received Import Request.
  Time since last request: 0.000023 seconds.
  path: Assets/Top-Down Interiors/Prefabs/Furniture/Cupboard1_1.prefab
  artifactKey: Guid(2f855eb697009cb4b954e378185be269) Importer(815301076,1909f56bfc062723c751e8b465ee728b)
Start importing Assets/Top-Down Interiors/Prefabs/Furniture/Cupboard1_1.prefab using Guid(2f855eb697009cb4b954e378185be269) Importer(815301076,1909f56bfc062723c751e8b465ee728b)  -> (artifact id: '193b74a6a1072475d6337057b14e1a55') in 0.025934 seconds
Number of updated asset objects reloaded before import = 0
Number of asset objects unloaded after import = 13
Editor requested this worker to shutdown with reason: Scaling down because of idle timeout
TcpMessagingSession - receive error: operation aborted. errorcode: 995, details: La operación de E/S se anuló por una salida de subproceso o por una solicitud de aplicación.
AssetImportWorker is now disconnected from the server
Process exiting
Exiting without the bug reporter. Application will terminate with return code 0